<?xml version="1.0" encoding="UTF-8"?>
<!-- Generated by org.testng.reporters.JUnitReportReporter -->
<testsuite skipped="0" hostname="DESKTOP-TDJ6NPK" name="Get_All_Projects_Test" tests="3" failures="0" timestamp="2022-03-01T23:25:22 IST" time="8.870" errors="0">
  <testcase name="get_All_Projects_Test" time="5.601" classname="Get_All_Projects_Test"/>
  <system-out/>
  <testcase name="get_All_Projects_2Test" time="0.283" classname="Get_All_Projects_Test"/>
  <system-out/>
  <testcase name="get_All_Projects_3Test" time="2.986" classname="Get_All_Projects_Test"/>
  <system-out/>
</testsuite> <!-- Get_All_Projects_Test -->
