<?xml version="1.0" encoding="UTF-8"?>
<!-- Generated by org.testng.reporters.JUnitReportReporter -->
<testsuite skipped="0" hostname="DESKTOP-TDJ6NPK" name="com.requests.HttpMethodsTestScript.Http_Put_Request_Test" tests="1" failures="0" timestamp="2022-03-02T01:12:22 IST" time="0.184" errors="0">
  <testcase name="http_Post_Request_Test" time="0.184" classname="com.requests.HttpMethodsTestScript.Http_Put_Request_Test"/>
  <system-out/>
</testsuite> <!-- com.requests.HttpMethodsTestScript.Http_Put_Request_Test -->
